<?xml version="1.0" encoding="UTF-8"?>
<coverage generated="1782973028301" clover="3.2.0">
  <project timestamp="1782973028301" name="All files">
    <metrics statements="99" coveredstatements="81" conditionals="24" coveredconditionals="18" methods="37" coveredmethods="29" elements="160" coveredelements="128" complexity="0" loc="99" ncloc="99" packages="9" files="18" classes="18"/>
    <package name="components.header">
      <metrics statements="3" coveredstatements="3" conditionals="0" coveredconditionals="0" methods="1" coveredmethods="1"/>
      <file name="index.tsx" path="C:\Users\rebed\OneDrive\Documentos\EbacProyects\Biblioteca\Biblioteca_Musical_V2\src\components\header\index.tsx">
        <metrics statements="2" coveredstatements="2" conditionals="0" coveredconditionals="0" methods="1" coveredmethods="1"/>
        <line num="7" count="2" type="stmt"/>
        <line num="8" count="16" type="stmt"/>
      </file>
      <file name="styles.ts" path="C:\Users\rebed\OneDrive\Documentos\EbacProyects\Biblioteca\Biblioteca_Musical_V2\src\components\header\styles.ts">
        <metrics statements="1" coveredstatements="1" conditionals="0" coveredconditionals="0" methods="0" coveredmethods="0"/>
        <line num="3" count="2" type="stmt"/>
      </file>
    </package>
    <package name="components.library">
      <metrics statements="10" coveredstatements="10" conditionals="0" coveredconditionals="0" methods="5" coveredmethods="5"/>
      <file name="index.tsx" path="C:\Users\rebed\OneDrive\Documentos\EbacProyects\Biblioteca\Biblioteca_Musical_V2\src\components\library\index.tsx">
        <metrics statements="9" coveredstatements="9" conditionals="0" coveredconditionals="0" methods="5" coveredmethods="5"/>
        <line num="24" count="2" type="stmt"/>
        <line num="25" count="18" type="stmt"/>
        <line num="27" count="30" type="stmt"/>
        <line num="40" count="18" type="stmt"/>
        <line num="41" count="1" type="stmt"/>
        <line num="44" count="18" type="stmt"/>
        <line num="50" count="5" type="stmt"/>
        <line num="52" count="5" type="stmt"/>
        <line num="58" count="1" type="stmt"/>
      </file>
      <file name="styles.ts" path="C:\Users\rebed\OneDrive\Documentos\EbacProyects\Biblioteca\Biblioteca_Musical_V2\src\components\library\styles.ts">
        <metrics statements="1" coveredstatements="1" conditionals="0" coveredconditionals="0" methods="0" coveredmethods="0"/>
        <line num="3" count="2" type="stmt"/>
      </file>
    </package>
    <package name="components.searchBar">
      <metrics statements="15" coveredstatements="15" conditionals="0" coveredconditionals="0" methods="4" coveredmethods="4"/>
      <file name="index.tsx" path="C:\Users\rebed\OneDrive\Documentos\EbacProyects\Biblioteca\Biblioteca_Musical_V2\src\components\searchBar\index.tsx">
        <metrics statements="10" coveredstatements="10" conditionals="0" coveredconditionals="0" methods="4" coveredmethods="4"/>
        <line num="14" count="2" type="stmt"/>
        <line num="15" count="24" type="stmt"/>
        <line num="17" count="24" type="stmt"/>
        <line num="18" count="4" type="stmt"/>
        <line num="19" count="4" type="stmt"/>
        <line num="22" count="24" type="stmt"/>
        <line num="23" count="1" type="stmt"/>
        <line num="24" count="1" type="stmt"/>
        <line num="28" count="24" type="stmt"/>
        <line num="34" count="14" type="stmt"/>
      </file>
      <file name="refresh-ccw.svg" path="C:\Users\rebed\OneDrive\Documentos\EbacProyects\Biblioteca\Biblioteca_Musical_V2\src\components\searchBar\refresh-ccw.svg">
        <metrics statements="0" coveredstatements="0" conditionals="0" coveredconditionals="0" methods="0" coveredmethods="0"/>
      </file>
      <file name="styles.ts" path="C:\Users\rebed\OneDrive\Documentos\EbacProyects\Biblioteca\Biblioteca_Musical_V2\src\components\searchBar\styles.ts">
        <metrics statements="5" coveredstatements="5" conditionals="0" coveredconditionals="0" methods="0" coveredmethods="0"/>
        <line num="3" count="2" type="stmt"/>
        <line num="9" count="2" type="stmt"/>
        <line num="12" count="2" type="stmt"/>
        <line num="23" count="2" type="stmt"/>
        <line num="28" count="2" type="stmt"/>
      </file>
    </package>
    <package name="components.searchResults">
      <metrics statements="18" coveredstatements="18" conditionals="11" coveredconditionals="9" methods="10" coveredmethods="10"/>
      <file name="index.tsx" path="C:\Users\rebed\OneDrive\Documentos\EbacProyects\Biblioteca\Biblioteca_Musical_V2\src\components\searchResults\index.tsx">
        <metrics statements="17" coveredstatements="17" conditionals="11" coveredconditionals="9" methods="10" coveredmethods="10"/>
        <line num="30" count="2" type="stmt"/>
        <line num="32" count="36" type="stmt"/>
        <line num="33" count="36" type="stmt"/>
        <line num="34" count="36" type="stmt"/>
        <line num="36" count="22" type="stmt"/>
        <line num="38" count="22" type="stmt"/>
        <line num="39" count="7" type="stmt"/>
        <line num="42" count="22" type="stmt"/>
        <line num="43" count="2" type="stmt"/>
        <line num="46" count="22" type="stmt"/>
        <line num="47" count="38" type="stmt"/>
        <line num="50" count="22" type="stmt"/>
        <line num="69" count="42" type="stmt"/>
        <line num="71" count="42" type="stmt"/>
        <line num="72" count="2" type="stmt"/>
        <line num="75" count="42" type="stmt"/>
        <line num="81" count="2" type="stmt"/>
      </file>
      <file name="styles.ts" path="C:\Users\rebed\OneDrive\Documentos\EbacProyects\Biblioteca\Biblioteca_Musical_V2\src\components\searchResults\styles.ts">
        <metrics statements="1" coveredstatements="1" conditionals="0" coveredconditionals="0" methods="0" coveredmethods="0"/>
        <line num="3" count="2" type="stmt"/>
      </file>
    </package>
    <package name="components.songDetail">
      <metrics statements="11" coveredstatements="11" conditionals="2" coveredconditionals="2" methods="4" coveredmethods="4"/>
      <file name="index.tsx" path="C:\Users\rebed\OneDrive\Documentos\EbacProyects\Biblioteca\Biblioteca_Musical_V2\src\components\songDetail\index.tsx">
        <metrics statements="9" coveredstatements="9" conditionals="2" coveredconditionals="2" methods="4" coveredmethods="4"/>
        <line num="18" count="2" type="stmt"/>
        <line num="19" count="3" type="stmt"/>
        <line num="21" count="3" type="stmt"/>
        <line num="23" count="6" type="stmt"/>
        <line num="25" count="3" type="stmt"/>
        <line num="27" count="3" type="cond" truecount="2" falsecount="0"/>
        <line num="28" count="1" type="stmt"/>
        <line num="31" count="2" type="stmt"/>
        <line num="37" count="1" type="stmt"/>
      </file>
      <file name="styles.ts" path="C:\Users\rebed\OneDrive\Documentos\EbacProyects\Biblioteca\Biblioteca_Musical_V2\src\components\songDetail\styles.ts">
        <metrics statements="2" coveredstatements="2" conditionals="0" coveredconditionals="0" methods="0" coveredmethods="0"/>
        <line num="3" count="2" type="stmt"/>
        <line num="8" count="2" type="stmt"/>
      </file>
    </package>
    <package name="components.songs">
      <metrics statements="9" coveredstatements="9" conditionals="7" coveredconditionals="7" methods="2" coveredmethods="2"/>
      <file name="index.tsx" path="C:\Users\rebed\OneDrive\Documentos\EbacProyects\Biblioteca\Biblioteca_Musical_V2\src\components\songs\index.tsx">
        <metrics statements="4" coveredstatements="4" conditionals="5" coveredconditionals="5" methods="1" coveredmethods="1"/>
        <line num="15" count="3" type="cond" truecount="1" falsecount="0"/>
        <line num="16" count="47" type="stmt"/>
        <line num="17" count="47" type="stmt"/>
        <line num="19" count="47" type="stmt"/>
      </file>
      <file name="styles.ts" path="C:\Users\rebed\OneDrive\Documentos\EbacProyects\Biblioteca\Biblioteca_Musical_V2\src\components\songs\styles.ts">
        <metrics statements="5" coveredstatements="5" conditionals="2" coveredconditionals="2" methods="1" coveredmethods="1"/>
        <line num="7" count="3" type="stmt"/>
        <line num="12" count="3" type="stmt"/>
        <line num="17" count="3" type="stmt"/>
        <line num="23" count="3" type="stmt"/>
        <line num="25" count="47" type="cond" truecount="2" falsecount="0"/>
      </file>
    </package>
    <package name="components.songs.img">
      <metrics statements="0" coveredstatements="0" conditionals="0" coveredconditionals="0" methods="0" coveredmethods="0"/>
      <file name="minus-circle.svg" path="C:\Users\rebed\OneDrive\Documentos\EbacProyects\Biblioteca\Biblioteca_Musical_V2\src\components\songs\img\minus-circle.svg">
        <metrics statements="0" coveredstatements="0" conditionals="0" coveredconditionals="0" methods="0" coveredmethods="0"/>
      </file>
      <file name="plus-circle.svg" path="C:\Users\rebed\OneDrive\Documentos\EbacProyects\Biblioteca\Biblioteca_Musical_V2\src\components\songs\img\plus-circle.svg">
        <metrics statements="0" coveredstatements="0" conditionals="0" coveredconditionals="0" methods="0" coveredmethods="0"/>
      </file>
    </package>
    <package name="redux">
      <metrics statements="1" coveredstatements="1" conditionals="0" coveredconditionals="0" methods="0" coveredmethods="0"/>
      <file name="store.tsx" path="C:\Users\rebed\OneDrive\Documentos\EbacProyects\Biblioteca\Biblioteca_Musical_V2\src\redux\store.tsx">
        <metrics statements="1" coveredstatements="1" conditionals="0" coveredconditionals="0" methods="0" coveredmethods="0"/>
        <line num="6" count="1" type="stmt"/>
      </file>
    </package>
    <package name="redux.slices">
      <metrics statements="32" coveredstatements="14" conditionals="4" coveredconditionals="0" methods="11" coveredmethods="3"/>
      <file name="librarySlice.tsx" path="C:\Users\rebed\OneDrive\Documentos\EbacProyects\Biblioteca\Biblioteca_Musical_V2\src\redux\slices\librarySlice.tsx">
        <metrics statements="6" coveredstatements="5" conditionals="0" coveredconditionals="0" methods="3" coveredmethods="1"/>
        <line num="13" count="5" type="stmt"/>
        <line num="18" count="5" type="stmt"/>
        <line num="23" count="1" type="stmt"/>
        <line num="26" count="0" type="stmt"/>
        <line num="31" count="5" type="stmt"/>
        <line num="32" count="5" type="stmt"/>
      </file>
      <file name="searchSlice.tsx" path="C:\Users\rebed\OneDrive\Documentos\EbacProyects\Biblioteca\Biblioteca_Musical_V2\src\redux\slices\searchSlice.tsx">
        <metrics statements="26" coveredstatements="9" conditionals="4" coveredconditionals="0" methods="8" coveredmethods="2"/>
        <line num="17" count="1" type="stmt"/>
        <line num="23" count="1" type="stmt"/>
        <line num="25" count="0" type="stmt"/>
        <line num="29" count="0" type="cond" truecount="0" falsecount="2"/>
        <line num="32" count="0" type="stmt"/>
        <line num="34" count="0" type="stmt"/>
        <line num="38" count="0" type="cond" truecount="0" falsecount="2"/>
        <line num="41" count="0" type="stmt"/>
        <line num="51" count="0" type="stmt"/>
        <line num="54" count="1" type="stmt"/>
        <line num="59" count="1" type="stmt"/>
        <line num="60" count="1" type="stmt"/>
        <line num="61" count="1" type="stmt"/>
        <line num="65" count="1" type="stmt"/>
        <line num="67" count="0" type="stmt"/>
        <line num="68" count="0" type="stmt"/>
        <line num="69" count="0" type="stmt"/>
        <line num="72" count="0" type="stmt"/>
        <line num="75" count="0" type="stmt"/>
        <line num="77" count="0" type="stmt"/>
        <line num="78" count="0" type="stmt"/>
        <line num="81" count="0" type="stmt"/>
        <line num="82" count="0" type="stmt"/>
        <line num="83" count="0" type="stmt"/>
        <line num="88" count="1" type="stmt"/>
        <line num="89" count="1" type="stmt"/>
      </file>
    </package>
  </project>
</coverage>
