{"C:\\Users\\rebed\\OneDrive\\Documentos\\EbacProyects\\Biblioteca\\Biblioteca_Musical_V2\\src\\components\\header\\index.tsx": {"path":"C:\\Users\\rebed\\OneDrive\\Documentos\\EbacProyects\\Biblioteca\\Biblioteca_Musical_V2\\src\\components\\header\\index.tsx","statementMap":{"0":{"start":{"line":7,"column":6},"end":{"line":13,"column":null}},"1":{"start":{"line":8,"column":4},"end":{"line":11,"column":null}}},"fnMap":{"0":{"name":"(anonymous_0)","decl":{"start":{"line":7,"column":6},"end":{"line":7,"column":16}},"loc":{"start":{"line":7,"column":44},"end":{"line":13,"column":null}},"line":7}},"branchMap":{},"s":{"0":2,"1":16},"f":{"0":16},"b":{},"meta":{"lastBranch":0,"lastFunction":1,"lastStatement":2,"seen":{"s:7:6:13:Infinity":0,"f:7:6:7:16":0,"s:8:4:11:Infinity":1},"fnNames":{}}}
,"C:\\Users\\rebed\\OneDrive\\Documentos\\EbacProyects\\Biblioteca\\Biblioteca_Musical_V2\\src\\components\\header\\styles.ts": {"path":"C:\\Users\\rebed\\OneDrive\\Documentos\\EbacProyects\\Biblioteca\\Biblioteca_Musical_V2\\src\\components\\header\\styles.ts","statementMap":{"0":{"start":{"line":3,"column":18},"end":{"line":3,"column":null}}},"fnMap":{},"branchMap":{},"s":{"0":2},"f":{},"b":{},"meta":{"lastBranch":0,"lastFunction":0,"lastStatement":1,"seen":{"s:3:18:3:Infinity":0},"fnNames":{}}}
,"C:\\Users\\rebed\\OneDrive\\Documentos\\EbacProyects\\Biblioteca\\Biblioteca_Musical_V2\\src\\components\\library\\index.tsx": {"path":"C:\\Users\\rebed\\OneDrive\\Documentos\\EbacProyects\\Biblioteca\\Biblioteca_Musical_V2\\src\\components\\library\\index.tsx","statementMap":{"0":{"start":{"line":24,"column":6},"end":{"line":66,"column":null}},"1":{"start":{"line":25,"column":10},"end":{"line":25,"column":null}},"2":{"start":{"line":27,"column":10},"end":{"line":27,"column":null}},"3":{"start":{"line":27,"column":55},"end":{"line":27,"column":79}},"4":{"start":{"line":40,"column":10},"end":{"line":42,"column":null}},"5":{"start":{"line":41,"column":8},"end":{"line":41,"column":null}},"6":{"start":{"line":44,"column":4},"end":{"line":64,"column":null}},"7":{"start":{"line":50,"column":57},"end":{"line":50,"column":null}},"8":{"start":{"line":52,"column":24},"end":{"line":59,"column":null}},"9":{"start":{"line":58,"column":48},"end":{"line":58,"column":null}}},"fnMap":{"0":{"name":"(anonymous_0)","decl":{"start":{"line":24,"column":6},"end":{"line":24,"column":22}},"loc":{"start":{"line":24,"column":22},"end":{"line":66,"column":null}},"line":24},"1":{"name":"(anonymous_1)","decl":{"start":{"line":27,"column":21},"end":{"line":27,"column":34}},"loc":{"start":{"line":27,"column":55},"end":{"line":27,"column":79}},"line":27},"2":{"name":"(anonymous_2)","decl":{"start":{"line":40,"column":10},"end":{"line":40,"column":30}},"loc":{"start":{"line":40,"column":51},"end":{"line":42,"column":null}},"line":40},"3":{"name":"(anonymous_3)","decl":{"start":{"line":49,"column":29},"end":{"line":49,"column":33}},"loc":{"start":{"line":49,"column":41},"end":{"line":61,"column":21}},"line":49},"4":{"name":"(anonymous_4)","decl":{"start":{"line":58,"column":32},"end":{"line":58,"column":48}},"loc":{"start":{"line":58,"column":48},"end":{"line":58,"column":null}},"line":58}},"branchMap":{},"s":{"0":2,"1":18,"2":18,"3":30,"4":18,"5":1,"6":18,"7":5,"8":5,"9":1},"f":{"0":18,"1":30,"2":1,"3":5,"4":1},"b":{},"meta":{"lastBranch":0,"lastFunction":5,"lastStatement":10,"seen":{"s:24:6:66:Infinity":0,"f:24:6:24:22":0,"s:25:10:25:Infinity":1,"s:27:10:27:Infinity":2,"f:27:21:27:34":1,"s:27:55:27:79":3,"s:40:10:42:Infinity":4,"f:40:10:40:30":2,"s:41:8:41:Infinity":5,"s:44:4:64:Infinity":6,"f:49:29:49:33":3,"s:50:57:50:Infinity":7,"s:52:24:59:Infinity":8,"f:58:32:58:48":4,"s:58:48:58:Infinity":9},"fnNames":{}}}
,"C:\\Users\\rebed\\OneDrive\\Documentos\\EbacProyects\\Biblioteca\\Biblioteca_Musical_V2\\src\\components\\library\\styles.ts": {"path":"C:\\Users\\rebed\\OneDrive\\Documentos\\EbacProyects\\Biblioteca\\Biblioteca_Musical_V2\\src\\components\\library\\styles.ts","statementMap":{"0":{"start":{"line":3,"column":18},"end":{"line":3,"column":null}}},"fnMap":{},"branchMap":{},"s":{"0":2},"f":{},"b":{},"meta":{"lastBranch":0,"lastFunction":0,"lastStatement":1,"seen":{"s:3:18:3:Infinity":0},"fnNames":{}}}
,"C:\\Users\\rebed\\OneDrive\\Documentos\\EbacProyects\\Biblioteca\\Biblioteca_Musical_V2\\src\\components\\searchBar\\index.tsx": {"path":"C:\\Users\\rebed\\OneDrive\\Documentos\\EbacProyects\\Biblioteca\\Biblioteca_Musical_V2\\src\\components\\searchBar\\index.tsx","statementMap":{"0":{"start":{"line":14,"column":6},"end":{"line":43,"column":null}},"1":{"start":{"line":15,"column":10},"end":{"line":15,"column":null}},"2":{"start":{"line":17,"column":10},"end":{"line":20,"column":null}},"3":{"start":{"line":18,"column":8},"end":{"line":18,"column":null}},"4":{"start":{"line":19,"column":8},"end":{"line":19,"column":null}},"5":{"start":{"line":22,"column":10},"end":{"line":26,"column":null}},"6":{"start":{"line":23,"column":8},"end":{"line":23,"column":null}},"7":{"start":{"line":24,"column":8},"end":{"line":24,"column":null}},"8":{"start":{"line":28,"column":4},"end":{"line":41,"column":null}},"9":{"start":{"line":34,"column":33},"end":{"line":34,"column":null}}},"fnMap":{"0":{"name":"(anonymous_0)","decl":{"start":{"line":14,"column":6},"end":{"line":14,"column":19}},"loc":{"start":{"line":14,"column":77},"end":{"line":43,"column":null}},"line":14},"1":{"name":"(anonymous_1)","decl":{"start":{"line":17,"column":10},"end":{"line":17,"column":26}},"loc":{"start":{"line":17,"column":67},"end":{"line":20,"column":null}},"line":17},"2":{"name":"(anonymous_2)","decl":{"start":{"line":22,"column":10},"end":{"line":22,"column":32}},"loc":{"start":{"line":22,"column":32},"end":{"line":26,"column":null}},"line":22},"3":{"name":"(anonymous_3)","decl":{"start":{"line":34,"column":16},"end":{"line":34,"column":27}},"loc":{"start":{"line":34,"column":33},"end":{"line":34,"column":null}},"line":34}},"branchMap":{},"s":{"0":2,"1":24,"2":24,"3":4,"4":4,"5":24,"6":1,"7":1,"8":24,"9":14},"f":{"0":24,"1":4,"2":1,"3":14},"b":{},"meta":{"lastBranch":0,"lastFunction":4,"lastStatement":10,"seen":{"s:14:6:43:Infinity":0,"f:14:6:14:19":0,"s:15:10:15:Infinity":1,"s:17:10:20:Infinity":2,"f:17:10:17:26":1,"s:18:8:18:Infinity":3,"s:19:8:19:Infinity":4,"s:22:10:26:Infinity":5,"f:22:10:22:32":2,"s:23:8:23:Infinity":6,"s:24:8:24:Infinity":7,"s:28:4:41:Infinity":8,"f:34:16:34:27":3,"s:34:33:34:Infinity":9},"fnNames":{}}}
,"C:\\Users\\rebed\\OneDrive\\Documentos\\EbacProyects\\Biblioteca\\Biblioteca_Musical_V2\\src\\components\\searchBar\\refresh-ccw.svg": {"path":"C:\\Users\\rebed\\OneDrive\\Documentos\\EbacProyects\\Biblioteca\\Biblioteca_Musical_V2\\src\\components\\searchBar\\refresh-ccw.svg","statementMap":{},"fnMap":{},"branchMap":{},"s":{},"f":{},"b":{},"meta":{"lastBranch":0,"lastFunction":0,"lastStatement":0,"seen":{},"fnNames":{}}}
,"C:\\Users\\rebed\\OneDrive\\Documentos\\EbacProyects\\Biblioteca\\Biblioteca_Musical_V2\\src\\components\\searchBar\\styles.ts": {"path":"C:\\Users\\rebed\\OneDrive\\Documentos\\EbacProyects\\Biblioteca\\Biblioteca_Musical_V2\\src\\components\\searchBar\\styles.ts","statementMap":{"0":{"start":{"line":3,"column":22},"end":{"line":3,"column":null}},"1":{"start":{"line":9,"column":20},"end":{"line":9,"column":null}},"2":{"start":{"line":12,"column":21},"end":{"line":12,"column":null}},"3":{"start":{"line":23,"column":20},"end":{"line":23,"column":null}},"4":{"start":{"line":28,"column":16},"end":{"line":28,"column":null}}},"fnMap":{},"branchMap":{},"s":{"0":2,"1":2,"2":2,"3":2,"4":2},"f":{},"b":{},"meta":{"lastBranch":0,"lastFunction":0,"lastStatement":5,"seen":{"s:3:22:3:Infinity":0,"s:9:20:9:Infinity":1,"s:12:21:12:Infinity":2,"s:23:20:23:Infinity":3,"s:28:16:28:Infinity":4},"fnNames":{}}}
,"C:\\Users\\rebed\\OneDrive\\Documentos\\EbacProyects\\Biblioteca\\Biblioteca_Musical_V2\\src\\components\\searchResults\\index.tsx": {"path":"C:\\Users\\rebed\\OneDrive\\Documentos\\EbacProyects\\Biblioteca\\Biblioteca_Musical_V2\\src\\components\\searchResults\\index.tsx","statementMap":{"0":{"start":{"line":30,"column":6},"end":{"line":89,"column":null}},"1":{"start":{"line":32,"column":10},"end":{"line":32,"column":null}},"2":{"start":{"line":32,"column":55},"end":{"line":32,"column":80}},"3":{"start":{"line":33,"column":10},"end":{"line":33,"column":null}},"4":{"start":{"line":33,"column":56},"end":{"line":33,"column":81}},"5":{"start":{"line":34,"column":10},"end":{"line":34,"column":null}},"6":{"start":{"line":34,"column":52},"end":{"line":34,"column":75}},"7":{"start":{"line":36,"column":10},"end":{"line":36,"column":null}},"8":{"start":{"line":38,"column":4},"end":{"line":40,"column":null}},"9":{"start":{"line":39,"column":8},"end":{"line":39,"column":null}},"10":{"start":{"line":42,"column":10},"end":{"line":44,"column":null}},"11":{"start":{"line":43,"column":8},"end":{"line":43,"column":null}},"12":{"start":{"line":46,"column":10},"end":{"line":48,"column":null}},"13":{"start":{"line":47,"column":30},"end":{"line":47,"column":null}},"14":{"start":{"line":50,"column":4},"end":{"line":87,"column":null}},"15":{"start":{"line":69,"column":55},"end":{"line":69,"column":null}},"16":{"start":{"line":71,"column":40},"end":{"line":73,"column":null}},"17":{"start":{"line":72,"column":27},"end":{"line":72,"column":null}},"18":{"start":{"line":75,"column":20},"end":{"line":83,"column":null}},"19":{"start":{"line":81,"column":37},"end":{"line":81,"column":null}}},"fnMap":{"0":{"name":"(anonymous_0)","decl":{"start":{"line":30,"column":6},"end":{"line":30,"column":23}},"loc":{"start":{"line":30,"column":56},"end":{"line":89,"column":null}},"line":30},"1":{"name":"(anonymous_1)","decl":{"start":{"line":32,"column":21},"end":{"line":32,"column":34}},"loc":{"start":{"line":32,"column":55},"end":{"line":32,"column":80}},"line":32},"2":{"name":"(anonymous_2)","decl":{"start":{"line":33,"column":22},"end":{"line":33,"column":35}},"loc":{"start":{"line":33,"column":56},"end":{"line":33,"column":81}},"line":33},"3":{"name":"(anonymous_3)","decl":{"start":{"line":34,"column":18},"end":{"line":34,"column":31}},"loc":{"start":{"line":34,"column":52},"end":{"line":34,"column":75}},"line":34},"4":{"name":"(anonymous_4)","decl":{"start":{"line":38,"column":4},"end":{"line":38,"column":20}},"loc":{"start":{"line":38,"column":20},"end":{"line":40,"column":7}},"line":38},"5":{"name":"(anonymous_5)","decl":{"start":{"line":42,"column":10},"end":{"line":42,"column":27}},"loc":{"start":{"line":42,"column":46},"end":{"line":44,"column":null}},"line":42},"6":{"name":"(anonymous_6)","decl":{"start":{"line":46,"column":20},"end":{"line":46,"column":null}},"loc":{"start":{"line":47,"column":30},"end":{"line":47,"column":null}},"line":47},"7":{"name":"(anonymous_7)","decl":{"start":{"line":68,"column":50},"end":{"line":68,"column":55}},"loc":{"start":{"line":68,"column":64},"end":{"line":85,"column":17}},"line":68},"8":{"name":"(anonymous_8)","decl":{"start":{"line":71,"column":48},"end":{"line":71,"column":null}},"loc":{"start":{"line":72,"column":27},"end":{"line":72,"column":null}},"line":72},"9":{"name":"(anonymous_9)","decl":{"start":{"line":81,"column":24},"end":{"line":81,"column":37}},"loc":{"start":{"line":81,"column":37},"end":{"line":81,"column":null}},"line":81}},"branchMap":{"0":{"loc":{"start":{"line":56,"column":17},"end":{"line":57,"column":null}},"type":"binary-expr","locations":[{"start":{"line":56,"column":17},"end":{"line":56,"column":null}},{"start":{"line":57,"column":20},"end":{"line":57,"column":null}}],"line":56},"1":{"loc":{"start":{"line":60,"column":17},"end":{"line":61,"column":null}},"type":"binary-expr","locations":[{"start":{"line":60,"column":17},"end":{"line":60,"column":null}},{"start":{"line":61,"column":20},"end":{"line":61,"column":null}}],"line":60},"2":{"loc":{"start":{"line":64,"column":17},"end":{"line":65,"column":null}},"type":"binary-expr","locations":[{"start":{"line":64,"column":17},"end":{"line":64,"column":31}},{"start":{"line":64,"column":31},"end":{"line":64,"column":41}},{"start":{"line":64,"column":41},"end":{"line":64,"column":null}},{"start":{"line":65,"column":20},"end":{"line":65,"column":null}}],"line":64},"3":{"loc":{"start":{"line":68,"column":17},"end":{"line":85,"column":null}},"type":"binary-expr","locations":[{"start":{"line":68,"column":17},"end":{"line":68,"column":31}},{"start":{"line":68,"column":31},"end":{"line":68,"column":41}},{"start":{"line":68,"column":41},"end":{"line":85,"column":null}}],"line":68}},"s":{"0":2,"1":22,"2":36,"3":22,"4":36,"5":22,"6":36,"7":22,"8":22,"9":7,"10":22,"11":2,"12":22,"13":38,"14":22,"15":42,"16":42,"17":2,"18":42,"19":2},"f":{"0":22,"1":36,"2":36,"3":36,"4":7,"5":2,"6":38,"7":42,"8":2,"9":2},"b":{"0":[22,0],"1":[22,0],"2":[22,22,22,1],"3":[22,22,22]},"meta":{"lastBranch":4,"lastFunction":10,"lastStatement":20,"seen":{"s:30:6:89:Infinity":0,"f:30:6:30:23":0,"s:32:10:32:Infinity":1,"f:32:21:32:34":1,"s:32:55:32:80":2,"s:33:10:33:Infinity":3,"f:33:22:33:35":2,"s:33:56:33:81":4,"s:34:10:34:Infinity":5,"f:34:18:34:31":3,"s:34:52:34:75":6,"s:36:10:36:Infinity":7,"s:38:4:40:Infinity":8,"f:38:4:38:20":4,"s:39:8:39:Infinity":9,"s:42:10:44:Infinity":10,"f:42:10:42:27":5,"s:43:8:43:Infinity":11,"s:46:10:48:Infinity":12,"f:46:20:46:Infinity":6,"s:47:30:47:Infinity":13,"s:50:4:87:Infinity":14,"b:56:17:56:Infinity:57:20:57:Infinity":0,"b:60:17:60:Infinity:61:20:61:Infinity":1,"b:64:17:64:31:64:31:64:41:64:41:64:Infinity:65:20:65:Infinity":2,"b:68:17:68:31:68:31:68:41:68:41:85:Infinity":3,"f:68:50:68:55":7,"s:69:55:69:Infinity":15,"s:71:40:73:Infinity":16,"f:71:48:71:Infinity":8,"s:72:27:72:Infinity":17,"s:75:20:83:Infinity":18,"f:81:24:81:37":9,"s:81:37:81:Infinity":19},"fnNames":{}}}
,"C:\\Users\\rebed\\OneDrive\\Documentos\\EbacProyects\\Biblioteca\\Biblioteca_Musical_V2\\src\\components\\searchResults\\styles.ts": {"path":"C:\\Users\\rebed\\OneDrive\\Documentos\\EbacProyects\\Biblioteca\\Biblioteca_Musical_V2\\src\\components\\searchResults\\styles.ts","statementMap":{"0":{"start":{"line":3,"column":18},"end":{"line":3,"column":null}}},"fnMap":{},"branchMap":{},"s":{"0":2},"f":{},"b":{},"meta":{"lastBranch":0,"lastFunction":0,"lastStatement":1,"seen":{"s:3:18:3:Infinity":0},"fnNames":{}}}
,"C:\\Users\\rebed\\OneDrive\\Documentos\\EbacProyects\\Biblioteca\\Biblioteca_Musical_V2\\src\\components\\songDetail\\index.tsx": {"path":"C:\\Users\\rebed\\OneDrive\\Documentos\\EbacProyects\\Biblioteca\\Biblioteca_Musical_V2\\src\\components\\songDetail\\index.tsx","statementMap":{"0":{"start":{"line":18,"column":6},"end":{"line":42,"column":null}},"1":{"start":{"line":19,"column":12},"end":{"line":19,"column":null}},"2":{"start":{"line":21,"column":10},"end":{"line":21,"column":null}},"3":{"start":{"line":23,"column":10},"end":{"line":23,"column":null}},"4":{"start":{"line":23,"column":55},"end":{"line":23,"column":80}},"5":{"start":{"line":25,"column":17},"end":{"line":25,"column":null}},"6":{"start":{"line":25,"column":41},"end":{"line":25,"column":60}},"7":{"start":{"line":27,"column":4},"end":{"line":29,"column":null}},"8":{"start":{"line":28,"column":8},"end":{"line":28,"column":null}},"9":{"start":{"line":31,"column":4},"end":{"line":40,"column":null}},"10":{"start":{"line":37,"column":39},"end":{"line":37,"column":54}}},"fnMap":{"0":{"name":"(anonymous_0)","decl":{"start":{"line":18,"column":6},"end":{"line":18,"column":25}},"loc":{"start":{"line":18,"column":25},"end":{"line":42,"column":null}},"line":18},"1":{"name":"(anonymous_1)","decl":{"start":{"line":23,"column":21},"end":{"line":23,"column":34}},"loc":{"start":{"line":23,"column":55},"end":{"line":23,"column":80}},"line":23},"2":{"name":"(anonymous_2)","decl":{"start":{"line":25,"column":26},"end":{"line":25,"column":32}},"loc":{"start":{"line":25,"column":41},"end":{"line":25,"column":60}},"line":25},"3":{"name":"(anonymous_3)","decl":{"start":{"line":37,"column":24},"end":{"line":37,"column":39}},"loc":{"start":{"line":37,"column":39},"end":{"line":37,"column":54}},"line":37}},"branchMap":{"0":{"loc":{"start":{"line":27,"column":4},"end":{"line":29,"column":null}},"type":"if","locations":[{"start":{"line":27,"column":4},"end":{"line":29,"column":null}},{"start":{},"end":{}}],"line":27}},"s":{"0":2,"1":3,"2":3,"3":3,"4":6,"5":3,"6":3,"7":3,"8":1,"9":2,"10":1},"f":{"0":3,"1":6,"2":3,"3":1},"b":{"0":[1,2]},"meta":{"lastBranch":1,"lastFunction":4,"lastStatement":11,"seen":{"s:18:6:42:Infinity":0,"f:18:6:18:25":0,"s:19:12:19:Infinity":1,"s:21:10:21:Infinity":2,"s:23:10:23:Infinity":3,"f:23:21:23:34":1,"s:23:55:23:80":4,"s:25:17:25:Infinity":5,"f:25:26:25:32":2,"s:25:41:25:60":6,"b:27:4:29:Infinity:undefined:undefined:undefined:undefined":0,"s:27:4:29:Infinity":7,"s:28:8:28:Infinity":8,"s:31:4:40:Infinity":9,"f:37:24:37:39":3,"s:37:39:37:54":10},"fnNames":{}}}
,"C:\\Users\\rebed\\OneDrive\\Documentos\\EbacProyects\\Biblioteca\\Biblioteca_Musical_V2\\src\\components\\songDetail\\styles.ts": {"path":"C:\\Users\\rebed\\OneDrive\\Documentos\\EbacProyects\\Biblioteca\\Biblioteca_Musical_V2\\src\\components\\songDetail\\styles.ts","statementMap":{"0":{"start":{"line":3,"column":20},"end":{"line":3,"column":null}},"1":{"start":{"line":8,"column":19},"end":{"line":8,"column":null}}},"fnMap":{},"branchMap":{},"s":{"0":2,"1":2},"f":{},"b":{},"meta":{"lastBranch":0,"lastFunction":0,"lastStatement":2,"seen":{"s:3:20:3:Infinity":0,"s:8:19:8:Infinity":1},"fnNames":{}}}
,"C:\\Users\\rebed\\OneDrive\\Documentos\\EbacProyects\\Biblioteca\\Biblioteca_Musical_V2\\src\\components\\songs\\index.tsx": {"path":"C:\\Users\\rebed\\OneDrive\\Documentos\\EbacProyects\\Biblioteca\\Biblioteca_Musical_V2\\src\\components\\songs\\index.tsx","statementMap":{"0":{"start":{"line":15,"column":6},"end":{"line":40,"column":null}},"1":{"start":{"line":16,"column":19},"end":{"line":16,"column":null}},"2":{"start":{"line":17,"column":22},"end":{"line":17,"column":null}},"3":{"start":{"line":19,"column":4},"end":{"line":38,"column":null}}},"fnMap":{"0":{"name":"(anonymous_0)","decl":{"start":{"line":15,"column":6},"end":{"line":15,"column":14}},"loc":{"start":{"line":15,"column":90},"end":{"line":40,"column":null}},"line":15}},"branchMap":{"0":{"loc":{"start":{"line":15,"column":54},"end":{"line":15,"column":90}},"type":"default-arg","locations":[{"start":{"line":15,"column":68},"end":{"line":15,"column":90}}],"line":15},"1":{"loc":{"start":{"line":26,"column":13},"end":{"line":29,"column":null}},"type":"binary-expr","locations":[{"start":{"line":26,"column":13},"end":{"line":26,"column":null}},{"start":{"line":27,"column":16},"end":{"line":29,"column":null}}],"line":26},"2":{"loc":{"start":{"line":32,"column":13},"end":{"line":35,"column":null}},"type":"binary-expr","locations":[{"start":{"line":32,"column":13},"end":{"line":32,"column":null}},{"start":{"line":33,"column":16},"end":{"line":35,"column":null}}],"line":32}},"s":{"0":3,"1":47,"2":47,"3":47},"f":{"0":47},"b":{"0":[47],"1":[47,42],"2":[47,5]},"meta":{"lastBranch":3,"lastFunction":1,"lastStatement":4,"seen":{"s:15:6:40:Infinity":0,"f:15:6:15:14":0,"b:15:68:15:90":0,"s:16:19:16:Infinity":1,"s:17:22:17:Infinity":2,"s:19:4:38:Infinity":3,"b:26:13:26:Infinity:27:16:29:Infinity":1,"b:32:13:32:Infinity:33:16:35:Infinity":2},"fnNames":{}}}
,"C:\\Users\\rebed\\OneDrive\\Documentos\\EbacProyects\\Biblioteca\\Biblioteca_Musical_V2\\src\\components\\songs\\styles.ts": {"path":"C:\\Users\\rebed\\OneDrive\\Documentos\\EbacProyects\\Biblioteca\\Biblioteca_Musical_V2\\src\\components\\songs\\styles.ts","statementMap":{"0":{"start":{"line":7,"column":16},"end":{"line":7,"column":null}},"1":{"start":{"line":12,"column":16},"end":{"line":12,"column":null}},"2":{"start":{"line":17,"column":17},"end":{"line":17,"column":null}},"3":{"start":{"line":23,"column":17},"end":{"line":26,"column":null}},"4":{"start":{"line":25,"column":8},"end":{"line":25,"column":null}}},"fnMap":{"0":{"name":"(anonymous_0)","decl":{"start":{"line":24,"column":14},"end":{"line":24,"column":15}},"loc":{"start":{"line":25,"column":8},"end":{"line":25,"column":null}},"line":25}},"branchMap":{"0":{"loc":{"start":{"line":25,"column":8},"end":{"line":25,"column":null}},"type":"cond-expr","locations":[{"start":{"line":25,"column":22},"end":{"line":25,"column":33}},{"start":{"line":25,"column":33},"end":{"line":25,"column":null}}],"line":25}},"s":{"0":3,"1":3,"2":3,"3":3,"4":47},"f":{"0":47},"b":{"0":[1,46]},"meta":{"lastBranch":1,"lastFunction":1,"lastStatement":5,"seen":{"s:7:16:7:Infinity":0,"s:12:16:12:Infinity":1,"s:17:17:17:Infinity":2,"s:23:17:26:Infinity":3,"f:24:14:24:15":0,"s:25:8:25:Infinity":4,"b:25:22:25:33:25:33:25:Infinity":0},"fnNames":{}}}
,"C:\\Users\\rebed\\OneDrive\\Documentos\\EbacProyects\\Biblioteca\\Biblioteca_Musical_V2\\src\\components\\songs\\img\\minus-circle.svg": {"path":"C:\\Users\\rebed\\OneDrive\\Documentos\\EbacProyects\\Biblioteca\\Biblioteca_Musical_V2\\src\\components\\songs\\img\\minus-circle.svg","statementMap":{},"fnMap":{},"branchMap":{},"s":{},"f":{},"b":{},"meta":{"lastBranch":0,"lastFunction":0,"lastStatement":0,"seen":{},"fnNames":{}}}
,"C:\\Users\\rebed\\OneDrive\\Documentos\\EbacProyects\\Biblioteca\\Biblioteca_Musical_V2\\src\\components\\songs\\img\\plus-circle.svg": {"path":"C:\\Users\\rebed\\OneDrive\\Documentos\\EbacProyects\\Biblioteca\\Biblioteca_Musical_V2\\src\\components\\songs\\img\\plus-circle.svg","statementMap":{},"fnMap":{},"branchMap":{},"s":{},"f":{},"b":{},"meta":{"lastBranch":0,"lastFunction":0,"lastStatement":0,"seen":{},"fnNames":{}}}
,"C:\\Users\\rebed\\OneDrive\\Documentos\\EbacProyects\\Biblioteca\\Biblioteca_Musical_V2\\src\\redux\\store.tsx": {"path":"C:\\Users\\rebed\\OneDrive\\Documentos\\EbacProyects\\Biblioteca\\Biblioteca_Musical_V2\\src\\redux\\store.tsx","statementMap":{"0":{"start":{"line":6,"column":13},"end":{"line":11,"column":null}}},"fnMap":{},"branchMap":{},"s":{"0":1},"f":{},"b":{},"meta":{"lastBranch":0,"lastFunction":0,"lastStatement":1,"seen":{"s:6:13:11:Infinity":0},"fnNames":{}}}
,"C:\\Users\\rebed\\OneDrive\\Documentos\\EbacProyects\\Biblioteca\\Biblioteca_Musical_V2\\src\\redux\\slices\\librarySlice.tsx": {"path":"C:\\Users\\rebed\\OneDrive\\Documentos\\EbacProyects\\Biblioteca\\Biblioteca_Musical_V2\\src\\redux\\slices\\librarySlice.tsx","statementMap":{"0":{"start":{"line":13,"column":35},"end":{"line":15,"column":null}},"1":{"start":{"line":18,"column":6},"end":{"line":29,"column":null}},"2":{"start":{"line":23,"column":12},"end":{"line":23,"column":null}},"3":{"start":{"line":26,"column":12},"end":{"line":26,"column":null}},"4":{"start":{"line":26,"column":56},"end":{"line":26,"column":87}},"5":{"start":{"line":31,"column":37},"end":{"line":31,"column":null}},"6":{"start":{"line":32,"column":34},"end":{"line":32,"column":null}}},"fnMap":{"0":{"name":"(anonymous_0)","decl":{"start":{"line":22,"column":8},"end":{"line":22,"column":18}},"loc":{"start":{"line":22,"column":57},"end":{"line":24,"column":null}},"line":22},"1":{"name":"(anonymous_1)","decl":{"start":{"line":25,"column":8},"end":{"line":25,"column":21}},"loc":{"start":{"line":25,"column":62},"end":{"line":27,"column":null}},"line":25},"2":{"name":"(anonymous_2)","decl":{"start":{"line":26,"column":40},"end":{"line":26,"column":47}},"loc":{"start":{"line":26,"column":56},"end":{"line":26,"column":87}},"line":26}},"branchMap":{},"s":{"0":5,"1":5,"2":1,"3":0,"4":0,"5":5,"6":5},"f":{"0":1,"1":0,"2":0},"b":{},"meta":{"lastBranch":0,"lastFunction":3,"lastStatement":7,"seen":{"s:13:35:15:Infinity":0,"s:18:6:29:Infinity":1,"f:22:8:22:18":0,"s:23:12:23:Infinity":2,"f:25:8:25:21":1,"s:26:12:26:Infinity":3,"f:26:40:26:47":2,"s:26:56:26:87":4,"s:31:37:31:Infinity":5,"s:32:34:32:Infinity":6},"fnNames":{}}}
,"C:\\Users\\rebed\\OneDrive\\Documentos\\EbacProyects\\Biblioteca\\Biblioteca_Musical_V2\\src\\redux\\slices\\searchSlice.tsx": {"path":"C:\\Users\\rebed\\OneDrive\\Documentos\\EbacProyects\\Biblioteca\\Biblioteca_Musical_V2\\src\\redux\\slices\\searchSlice.tsx","statementMap":{"0":{"start":{"line":17,"column":41},"end":{"line":21,"column":null}},"1":{"start":{"line":23,"column":13},"end":{"line":52,"column":null}},"2":{"start":{"line":25,"column":28},"end":{"line":27,"column":null}},"3":{"start":{"line":29,"column":10},"end":{"line":29,"column":null}},"4":{"start":{"line":32,"column":26},"end":{"line":48,"column":null}},"5":{"start":{"line":34,"column":35},"end":{"line":36,"column":null}},"6":{"start":{"line":38,"column":27},"end":{"line":38,"column":null}},"7":{"start":{"line":41,"column":12},"end":{"line":46,"column":null}},"8":{"start":{"line":41,"column":47},"end":{"line":46,"column":14}},"9":{"start":{"line":51,"column":4},"end":{"line":51,"column":null}},"10":{"start":{"line":54,"column":6},"end":{"line":86,"column":null}},"11":{"start":{"line":59,"column":12},"end":{"line":59,"column":null}},"12":{"start":{"line":60,"column":12},"end":{"line":60,"column":null}},"13":{"start":{"line":61,"column":12},"end":{"line":61,"column":null}},"14":{"start":{"line":65,"column":8},"end":{"line":84,"column":null}},"15":{"start":{"line":67,"column":16},"end":{"line":67,"column":null}},"16":{"start":{"line":68,"column":16},"end":{"line":68,"column":null}},"17":{"start":{"line":69,"column":16},"end":{"line":69,"column":null}},"18":{"start":{"line":72,"column":16},"end":{"line":72,"column":null}},"19":{"start":{"line":75,"column":16},"end":{"line":75,"column":null}},"20":{"start":{"line":77,"column":16},"end":{"line":77,"column":null}},"21":{"start":{"line":78,"column":16},"end":{"line":78,"column":null}},"22":{"start":{"line":81,"column":16},"end":{"line":81,"column":null}},"23":{"start":{"line":82,"column":16},"end":{"line":82,"column":null}},"24":{"start":{"line":83,"column":16},"end":{"line":83,"column":null}},"25":{"start":{"line":88,"column":30},"end":{"line":88,"column":null}},"26":{"start":{"line":89,"column":33},"end":{"line":89,"column":null}}},"fnMap":{"0":{"name":"(anonymous_0)","decl":{"start":{"line":23,"column":63},"end":{"line":23,"column":69}},"loc":{"start":{"line":23,"column":89},"end":{"line":52,"column":1}},"line":23},"1":{"name":"(anonymous_1)","decl":{"start":{"line":33,"column":19},"end":{"line":33,"column":26}},"loc":{"start":{"line":33,"column":41},"end":{"line":47,"column":9}},"line":33},"2":{"name":"(anonymous_2)","decl":{"start":{"line":41,"column":26},"end":{"line":41,"column":31}},"loc":{"start":{"line":41,"column":47},"end":{"line":46,"column":14}},"line":41},"3":{"name":"(anonymous_3)","decl":{"start":{"line":58,"column":8},"end":{"line":58,"column":23}},"loc":{"start":{"line":58,"column":32},"end":{"line":62,"column":null}},"line":58},"4":{"name":"(anonymous_4)","decl":{"start":{"line":64,"column":4},"end":{"line":64,"column":19}},"loc":{"start":{"line":64,"column":30},"end":{"line":85,"column":null}},"line":64},"5":{"name":"(anonymous_5)","decl":{"start":{"line":66,"column":32},"end":{"line":66,"column":42}},"loc":{"start":{"line":66,"column":59},"end":{"line":70,"column":13}},"line":66},"6":{"name":"(anonymous_6)","decl":{"start":{"line":71,"column":32},"end":{"line":71,"column":44}},"loc":{"start":{"line":71,"column":62},"end":{"line":79,"column":13}},"line":71},"7":{"name":"(anonymous_7)","decl":{"start":{"line":80,"column":32},"end":{"line":80,"column":43}},"loc":{"start":{"line":80,"column":61},"end":{"line":84,"column":13}},"line":80}},"branchMap":{"0":{"loc":{"start":{"line":29,"column":20},"end":{"line":29,"column":53}},"type":"binary-expr","locations":[{"start":{"line":29,"column":20},"end":{"line":29,"column":49}},{"start":{"line":29,"column":49},"end":{"line":29,"column":53}}],"line":29},"1":{"loc":{"start":{"line":38,"column":27},"end":{"line":38,"column":null}},"type":"binary-expr","locations":[{"start":{"line":38,"column":27},"end":{"line":38,"column":56}},{"start":{"line":38,"column":56},"end":{"line":38,"column":null}}],"line":38}},"s":{"0":1,"1":1,"2":0,"3":0,"4":0,"5":0,"6":0,"7":0,"8":0,"9":0,"10":1,"11":1,"12":1,"13":1,"14":1,"15":0,"16":0,"17":0,"18":0,"19":0,"20":0,"21":0,"22":0,"23":0,"24":0,"25":1,"26":1},"f":{"0":0,"1":0,"2":0,"3":1,"4":1,"5":0,"6":0,"7":0},"b":{"0":[0,0],"1":[0,0]},"meta":{"lastBranch":2,"lastFunction":8,"lastStatement":27,"seen":{"s:17:41:21:Infinity":0,"s:23:13:52:Infinity":1,"f:23:63:23:69":0,"s:25:28:27:Infinity":2,"s:29:10:29:Infinity":3,"b:29:20:29:49:29:49:29:53":0,"s:32:26:48:Infinity":4,"f:33:19:33:26":1,"s:34:35:36:Infinity":5,"s:38:27:38:Infinity":6,"b:38:27:38:56:38:56:38:Infinity":1,"s:41:12:46:Infinity":7,"f:41:26:41:31":2,"s:41:47:46:14":8,"s:51:4:51:Infinity":9,"s:54:6:86:Infinity":10,"f:58:8:58:23":3,"s:59:12:59:Infinity":11,"s:60:12:60:Infinity":12,"s:61:12:61:Infinity":13,"f:64:4:64:19":4,"s:65:8:84:Infinity":14,"f:66:32:66:42":5,"s:67:16:67:Infinity":15,"s:68:16:68:Infinity":16,"s:69:16:69:Infinity":17,"f:71:32:71:44":6,"s:72:16:72:Infinity":18,"s:75:16:75:Infinity":19,"s:77:16:77:Infinity":20,"s:78:16:78:Infinity":21,"f:80:32:80:43":7,"s:81:16:81:Infinity":22,"s:82:16:82:Infinity":23,"s:83:16:83:Infinity":24,"s:88:30:88:Infinity":25,"s:89:33:89:Infinity":26},"fnNames":{}}}
}
